[2022.11.09-20.47.33:935][  0]LogFileManager: Error: Error writing to file: ../../../../../../Users/leong/OneDrive/Documents/GitHub/UnrealEngine4/Lightbulb/Intermediate/CachedAssetRegistry.bin.tmp (There is not enough space on the disk.)
[2022.11.09-20.47.33:935][  0]LogFileManager: Error: Error writing to file: ../../../../../../Users/leong/OneDrive/Documents/GitHub/UnrealEngine4/Lightbulb/Intermediate/CachedAssetRegistry.bin.tmp (There is not enough space on the disk.)
[2022.11.09-20.47.33:935][  0]LogFileManager: Error: Error writing to file: ../../../../../../Users/leong/OneDrive/Documents/GitHub/UnrealEngine4/Lightbulb/Intermediate/CachedAssetRegistry.bin.tmp (There is not enough space on the disk.)
[2022.11.09-20.47.33:935][  0]LogFileManager: Error: Error writing to file: ../../../../../../Users/leong/OneDrive/Documents/GitHub/UnrealEngine4/Lightbulb/Intermediate/CachedAssetRegistry.bin.tmp (There is not enough space on the disk.)
[2022.11.09-20.47.33:935][  0]LogFileManager: Error: Error writing to file: ../../../../../../Users/leong/OneDrive/Documents/GitHub/UnrealEngine4/Lightbulb/Intermediate/CachedAssetRegistry.bin.tmp (There is not enough space on the disk.)
[2022.11.09-20.47.33:935][  0]LogInit: Selected Device Profile: [Windows]
[2022.11.09-20.47.33:935][  0]LogInit: Active device profile: [0000021BEE47A700][0000021BEA096C00 49] Windows
[2022.11.09-20.47.33:935][  0]LogInit: Profiles: [0000021BEE47A700][0000021BEA096C00 49] Windows, [0000021BEE42DB00][0000021BEA020D40 49] WindowsNoEditor, [0000021BEE479B00][0000021BEC756EC0 49] WindowsServer, [0000021BEE42CA00][0000021BEC75B040 49] WindowsClient, [0000021BEE478900][0000021BEC75F1C0 49] IOS, [0000021BEE42D600][0000021BEC763340 49] iPadAir, [0000021BEE47A300][0000021BEC7674C0 49] iPadAir2, [0000021BEE3D7000][0000021BEC76F780 49] IPadPro, [0000021BEE3D7100][0000021BEC76B7C0 49] iPadAir3, [0000021BEE47A800][0000021BEC773940 49] iPadAir4, [0000021BEE3D7500][0000021BEC777AC0 49] iPadMini2, [0000021BEE47A100][0000021BEC77A0C0 49] iPadMini3, [0000021BEE3D5A00][0000021BEC77E240 49] iPadMini4, [0000021BEE479900][0000021BEC7823C0 49] iPadMini5, [0000021BEE426600][0000021BEC78A680 49] iPhone6, [0000021BEE426700][0000021BEC7866C0 49] iPodTouch6, [0000021BEE3D5300][0000021BEC792980 49] iPhone7, [0000021BEE3D5200][0000021BEC78E9C0 49] iPodTouch7, [0000021BEE425F00][0000021BEC796B40 49] iPhone5S, [0000021BEE3D4E00][0000021BEA024C80 49] iPhone6Plus, [0000021BEE425A00][0000021BEC79ADC0 49] iPhone6S, [0000021BEE3D6100][0000021BEEA5CF00 49] iPhone6SPlus, [0000021BEE425500][0000021BEEA65080 49] iPhone7Plus, [0000021BEE3D5000][0000021BEEA69200 49] iPhoneSE, [0000021BEE426A00][0000021BEEA6D380 49] iPhone8, [0000021BEE3D4F00][0000021BEEA71500 49] iPhone8Plus, [0000021BEE426500][0000021BEEA75680 49] iPhoneX, [0000021BEE3D5500][0000021BEEA79800 49] iPhoneXS, [0000021BEE424700][0000021BEEA7D980 49] iPhoneXSMax, [0000021BEE3D7F00][0000021BEEA81B00 49] iPhoneXR, [0000021BEE427500][0000021BEEA84100 49] iPhone11, [0000021BEE3D4600][0000021BEEA88280 49] iPhone11Pro, [0000021BEE424E00][0000021BEEAC4400 49] iPhone11ProMax, [0000021BEE3D6800][0000021BEEAF8580 49] iPhoneSE2, [0000021BEE427600][0000021BEEB92700 49] iPhone12Mini, [0000021BEE3D5F00][0000021BEEB96880 49] iPhone12, [0000021BEE425E00][0000021BEEB9AA00 49] iPhone12Pro, [0000021BEE3D4B00][0000021BEEBA2B80 49] iPhone12ProMax, [0000021BEE427800][0000021BEEBAAD00 49] iPadPro105, [0000021BEE3D7C00][0000021BEEA60E40 49] iPadPro129, [0000021BEE426900][0000021BE3CC6F80 49] iPadPro97, [0000021BEE3D4300][0000021BE3CCB0C0 49] iPadPro2_129, [0000021BEE425B00][0000021BE3CDB240 49] iPad5, [0000021BEE3D5100][0000021BEEFBD3C0 49] iPad6, [0000021BEE427300][0000021BE474D540 49] iPad7, [0000021BEE3D4A00][0000021BE47516C0 49] iPad8, [0000021BEE4CCD00][0000021BE478F840 49] iPadPro11, [0000021BEE42EE00][0000021BE47939C0 49] iPadPro2_11, [0000021BEE4CC900][0000021BE4797B40 49] iPadPro3_129, [0000021BEE42FB00][0000021BE479A140 49] iPadPro4_129, [0000021BEE4CC100][0000021BEA5E62C0 49] AppleTV, [0000021BEE42EA00][0000021BEA5EA440 49] AppleTV4K, [0000021BEE4CCC00][0000021BEA5EE5C0 49] TVOS, [0000021BEE42C200][0000021BEA5F2740 49] Mac, [0000021BEE4CC700][0000021BEA5F68C0 49] MacClient, [0000021BEE42D200][0000021BEC73EA40 49] MacNoEditor, [0000021BEE3D6B00][0000021BEC746BC0 49] MacServer, [0000021BEE426100][0000021BEC74AD40 49] Linux, [0000021BEE3D7400][0000021BEC5C0EC0 49] LinuxAArch64, [0000021BEE427C00][0000021BE3CD7000 49] LinuxNoEditor, [0000021BEE3D4200][0000021BEC5D1140 49] LinuxAArch64NoEditor, [0000021BEE426000][0000021BEC5D5280 49] LinuxClient, [0000021BEE3D7A00][0000021BEC5DD3C0 49] LinuxAArch64Client, [0000021BEE426300][0000021BEC5EF540 49] LinuxServer, [0000021BEE3D5800][0000021BEC5F36C0 49] LinuxAArch64Server, [0000021BEE427E00][0000021BEC5F7840 49] Android, [0000021BEE3D6700][0000021BEC5FB9C0 49] Android_Low, [0000021BEE424F00][0000021BEC5FFB40 49] Android_Mid, [0000021BEE3D4700][0000021BEC602140 49] Android_High, [0000021BEE426C00][0000021BEC6062C0 49] Android_Default, [0000021BEE3D6200][0000021BEC61E440 49] Android_Adreno4xx, [0000021BEE427700][0000021BEA5B25C0 49] Android_Adreno5xx_Low, [0000021BEE3D6400][0000021BEA5BA740 49] Android_Adreno5xx, [0000021BEE424500][0000021BEA5BE8C0 49] Android_Adreno6xx, [0000021BEE3D7900][0000021BEA5C2A40 49] Android_Adreno6xx_Vulkan, [0000021BEE424C00][0000021BEED02BC0 49] Android_Mali_T6xx, [0000021BEE3D6300][0000021BEF3CAD40 49] Android_Mali_T7xx, [0000021BEE427B00][0000021BEED0AEC0 49] Android_Mali_T8xx, [0000021BEE3D6D00][0000021BEED0F040 49] Android_Mali_G71, [0000021BEE425400][0000021BEC5EB180 49] Android_Mali_G72, [0000021BEE3D7800][0000021BEED132C0 49] Android_Mali_G72_Vulkan, [0000021BEE425100][0000021BEED17400 49] Android_Mali_G76, [0000021BEE3D4500][0000021BEED1B540 49] Android_Mali_G76_Vulkan, [0000021BEE425300][0000021BE3CCF6C0 49] Android_Mali_G77, [0000021BEE3D4D00][0000021BEA5B7840 49] Android_Mali_G77_Vulkan, [0000021BEE425C00][0000021BEED079C0 49] Android_Mali_G78, [0000021BEE3D6900][0000021BEECFFB40 49] Android_Mali_G78_Vulkan, [0000021BEE427100][0000021BEA5D2140 49] Android_Mali_G710, [0000021BEE3D5B00][0000021BEA5D62C0 49] Android_Mali_G710_Vulkan, [0000021BEE4CC200][0000021BEA5DA440 49] Android_Vulkan_SM5, [0000021BEE3D7E00][0000021BEA5DE5C0 49] Android_PowerVR_G6xxx, [0000021BEE47A000][0000021BEA5E2740 49] Android_PowerVR_GT7xxx, [0000021BEE42EC00][0000021BEC59A8C0 49] Android_PowerVR_GE8xxx, [0000021BEE478200][0000021BEC59EA40 49] Android_PowerVR_GM9xxx, [0000021BEE42F200][0000021BEC5A2BC0 49] Android_PowerVR_GM9xxx_Vulkan, [0000021BEE479500][0000021BEC5A6D40 49] Android_TegraK1, [0000021BEE42EF00][0000021BEC5AAEC0 49] Android_Unknown_Vulkan, [0000021BEE47BC00][0000021BEC5AF040 49] Lumin, [0000021BEE42CC00][0000021BEC5B31C0 49] Lumin_Desktop, [0000021BEE479A00][0000021BEC5B7340 49] HoloLens, 
[2022.11.09-20.47.34:106][  0]LogMeshReduction: Using QuadricMeshReduction for automatic static mesh reduction
[2022.11.09-20.47.34:106][  0]LogMeshReduction: Using SimplygonMeshReduction for automatic skeletal mesh reduction
[2022.11.09-20.47.34:106][  0]LogMeshReduction: Using ProxyLODMeshReduction for automatic mesh merging
[2022.11.09-20.47.34:106][  0]LogMeshReduction: No distributed automatic mesh merging module available
[2022.11.09-20.47.34:106][  0]LogMeshMerging: No distributed automatic mesh merging module available
[2022.11.09-20.47.34:127][  0]LogNetVersion: Lightbulb 1.0.0, NetCL: 17155196, EngineNetVer: 17, GameNetVer: 0 (Checksum: 1780191882)
[2022.11.09-20.47.34:602][  0]LogTexture: Default maximum texture size for cubemaps generated from long-lat sources has been changed from 512 to unlimited. In order to preserve old behaiour for '/Engine/MapTemplates/Sky/DaylightAmbientCubemap.DaylightAmbientCubemap', its maximum texture size has been explicitly set to 512.
[2022.11.09-20.47.34:672][  0]LogHMD: PokeAHoleMaterial loaded successfully
[2022.11.09-20.47.34:679][  0]LogUObjectArray: 17204 objects as part of root set at end of initial load.
[2022.11.09-20.47.34:679][  0]LogUObjectAllocator: 4317296 out of 0 bytes used by permanent object pool.
[2022.11.09-20.47.34:679][  0]LogUObjectArray: CloseDisregardForGC: 0/0 objects in disregard for GC pool
[2022.11.09-20.47.35:018][  0]LogNiagaraDebuggerClient: Niagara Debugger Client Initialized | Session: FAB534464BB400E1E26A4DBF4F4CE577 | Instance: 3970B9C944FC70D42DCB84B8B45B296D (KEVINPC-11020).
[2022.11.09-20.47.35:194][  0]LogPython: Using Python 3.7.7
[2022.11.09-20.47.35:847][  0]LogTcpMessaging: Initializing TcpMessaging bridge
[2022.11.09-20.47.35:853][  0]LogUdpMessaging: Initializing bridge on interface 0.0.0.0:0 to multicast group 230.0.0.1:6666.
[2022.11.09-20.47.36:156][  0]SourceControl: Source control is disabled
[2022.11.09-20.47.36:156][  0]SourceControl: Source control is disabled
[2022.11.09-20.47.36:160][  0]SourceControl: Source control is disabled
[2022.11.09-20.47.36:165][  0]SourceControl: Source control is disabled
[2022.11.09-20.47.36:173][  0]SourceControl: Source control is disabled
[2022.11.09-20.47.36:210][  0]LogUProjectInfo: Found projects:
[2022.11.09-20.47.36:219][  0]LogVSAccessor: Display: Unable to create Visual Studio setup instance: 80040154
[2022.11.09-20.47.36:220][  0]LogVSAccessor: Display: Unable to create Visual Studio setup instance: 80040154
[2022.11.09-20.47.36:220][  0]LogVSAccessor: Display: Unable to create Visual Studio setup instance: 80040154
[2022.11.09-20.47.36:395][  0]LogOpenImageDenoise: OIDN starting up
[2022.11.09-20.47.36:408][  0]LogAndroidPermission: UAndroidPermissionCallbackProxy::GetInstance
[2022.11.09-20.47.36:441][  0]LogAudioCaptureCore: Display: No Audio Capture implementations found. Audio input will be silent.
[2022.11.09-20.47.36:442][  0]LogAudioCaptureCore: Display: No Audio Capture implementations found. Audio input will be silent.
[2022.11.09-20.47.36:629][  0]LogCollectionManager: Loaded 0 collections in 0.002289 seconds
[2022.11.09-20.47.36:660][  0]LogFileCache: Scanning file cache for directory 'C:/Users/leong/OneDrive/Documents/GitHub/UnrealEngine4/Lightbulb/Saved/Collections/' took 0.00s
[2022.11.09-20.47.36:660][  0]LogFileCache: Scanning file cache for directory 'C:/Users/leong/OneDrive/Documents/GitHub/UnrealEngine4/Lightbulb/Content/Developers/leong/Collections/' took 0.00s
[2022.11.09-20.47.36:660][  0]LogFileCache: Scanning file cache for directory 'C:/Users/leong/OneDrive/Documents/GitHub/UnrealEngine4/Lightbulb/Content/Collections/' took 0.00s
[2022.11.09-20.47.36:660][  0]LogOcInput: OculusInput pre-init called
[2022.11.09-20.47.37:144][  0]LogClass: Warning: StructProperty FHoloPlayScreenshotSettings::Resolution is not initialized properly even though its struct probably has a custom default constructor. Module:HoloPlayRuntime File:Public/HoloPlaySettings.h
[2022.11.09-20.47.37:145][  0]LogClass: Display: 1 Uninitialized script struct members found including 0 object properties
[2022.11.09-20.47.37:146][  0]LogAutomationTest: Warning: StructProperty FHoloPlayScreenshotSettings::Resolution is not initialized properly even though its struct probably has a custom default constructor. Module:HoloPlayRuntime File:Public/HoloPlaySettings.h
[2022.11.09-20.47.37:147][  0]LogEngine: Initializing Engine...
[2022.11.09-20.47.37:151][  0]LogHMD: Failed to enumerate extensions. Please check that you have a valid OpenXR runtime installed.
[2022.11.09-20.47.37:151][  0]LogHMD: Failed to initialize OpenVR with code 110
[2022.11.09-20.47.37:151][  0]LogMagicLeap: Warning: VR disabled because ZI is not enabled.  To enable, in the editor, Edit -> Project Settings -> Plugins -> Magic Leap Plugin -> Enable Zero Iteration
[2022.11.09-20.47.37:152][  0]LogStats: UGameplayTagsManager::InitializeManager -  0.000 s
[2022.11.09-20.47.37:310][  0]LogInit: Initializing FReadOnlyCVARCache
[2022.11.09-20.47.37:320][  0]LogAIModule: Creating AISystem for world Untitled
[2022.11.09-20.47.37:320][  0]LogAudio: Display: Initializing Audio Device Manager...
[2022.11.09-20.47.37:325][  0]LogAudio: Display: Loading Default Audio Settings Objects...
[2022.11.09-20.47.37:326][  0]LogAudio: Display: No default SoundConcurrencyObject specified (or failed to load).
[2022.11.09-20.47.37:326][  0]LogAudio: Display: Audio Device Manager Initialized
[2022.11.09-20.47.37:326][  0]LogAudio: Display: Creating Audio Device:                 Id: 1, Scope: Shared, Realtime: True
[2022.11.09-20.47.37:326][  0]LogAudioMixer: Display: Audio Mixer Platform Settings:
[2022.11.09-20.47.37:326][  0]LogAudioMixer: Display: 	Sample Rate:						  48000
[2022.11.09-20.47.37:326][  0]LogAudioMixer: Display: 	Callback Buffer Frame Size Requested: 1024
[2022.11.09-20.47.37:326][  0]LogAudioMixer: Display: 	Callback Buffer Frame Size To Use:	  1024
[2022.11.09-20.47.37:326][  0]LogAudioMixer: Display: 	Number of buffers to queue:			  2
[2022.11.09-20.47.37:326][  0]LogAudioMixer: Display: 	Max Channels (voices):				  32
[2022.11.09-20.47.37:326][  0]LogAudioMixer: Display: 	Number of Async Source Workers:		  0
[2022.11.09-20.47.37:326][  0]LogAudio: Display: AudioDevice MaxSources: 32
[2022.11.09-20.47.37:327][  0]LogAudio: Display: Audio Spatialization Plugin: None (built-in).
[2022.11.09-20.47.37:327][  0]LogAudio: Display: Audio Reverb Plugin: None (built-in).
[2022.11.09-20.47.37:327][  0]LogAudio: Display: Audio Occlusion Plugin: None (built-in).
[2022.11.09-20.47.37:327][  0]LogAudioMixer: Display: Initializing audio mixer.
[2022.11.09-20.47.37:339][  0]LogAudioMixer: Display: 0: FrontLeft
[2022.11.09-20.47.37:339][  0]LogAudioMixer: Display: 1: FrontRight
[2022.11.09-20.47.37:489][  0]LogAudioMixer: Display: Using Audio Device Speakers (Realtek USB Audio)
[2022.11.09-20.47.37:491][  0]LogAudioMixer: Display: Initializing Sound Submixes...
[2022.11.09-20.47.37:494][  0]LogAudioMixer: Display: Creating Master Submix 'MasterSubmixDefault'
[2022.11.09-20.47.37:494][  0]LogAudioMixer: Display: Creating Master Submix 'MasterReverbSubmixDefault'
[2022.11.09-20.47.37:495][  0]LogAudioMixer: Display: Creating Master Submix 'MasterEQSubmixDefault'
[2022.11.09-20.47.37:495][  0]LogAudioMixer: FMixerPlatformXAudio2::StartAudioStream() called
[2022.11.09-20.47.37:495][  0]LogAudioMixer: Display: Output buffers initialized: Frames=1024, Channels=2, Samples=2048
[2022.11.09-20.47.37:496][  0]LogAudioMixer: Display: Starting AudioMixerPlatformInterface::RunInternal()
[2022.11.09-20.47.37:496][  0]LogAudioMixer: Display: FMixerPlatformXAudio2::SubmitBuffer() called for the first time
[2022.11.09-20.47.37:496][  0]LogInit: FAudioDevice initialized.
[2022.11.09-20.47.37:496][  0]LogAudio: Display: Audio Device (ID: 1) registered with world 'Untitled'.
[2022.11.09-20.47.37:496][  0]LogNetVersion: Set ProjectVersion to 1.0.0.0. Version Checksum will be recalculated on next use.
[2022.11.09-20.47.37:570][  0]LogDerivedDataCache: Saved boot cache 0.07s 94MB C:/Users/leong/AppData/Local/UnrealEngine/4.27/DerivedDataCache/Boot.ddc.
[2022.11.09-20.47.37:570][  0]LogInit: Texture streaming: Enabled
[2022.11.09-20.47.37:586][  0]LogAnalytics: Display: [UEEditor.Rocket.Release] APIServer = https://datarouter.ol.epicgames.com/. AppVersion = 4.27.2-18319896+++UE4+Release-4.27
[2022.11.09-20.47.37:591][  0]LogEngineSessionManager: EngineSessionManager initialized
[2022.11.09-20.47.37:591][  0]LogEditorSessionSummary: Verbose: Initializing EditorSessionSummaryWriter for editor session tracking
[2022.11.09-20.47.37:593][  0]LogEditorSessionSummary: EditorSessionSummaryWriter initialized
[2022.11.09-20.47.37:626][  0]LogInit: Transaction tracking system initialized
[2022.11.09-20.47.37:654][  0]BlueprintLog: New page: Editor Load
[2022.11.09-20.47.37:731][  0]LocalizationService: Localization service is disabled
[2022.11.09-20.47.37:763][  0]TimingProfiler: Initialize
[2022.11.09-20.47.37:763][  0]TimingProfiler: OnSessionChanged
[2022.11.09-20.47.37:763][  0]LoadingProfiler: Initialize
[2022.11.09-20.47.37:764][  0]LoadingProfiler: OnSessionChanged
[2022.11.09-20.47.37:764][  0]NetworkingProfiler: Initialize
[2022.11.09-20.47.37:764][  0]NetworkingProfiler: OnSessionChanged
[2022.11.09-20.47.37:764][  0]MemoryProfiler: Initialize
[2022.11.09-20.47.37:764][  0]MemoryProfiler: OnSessionChanged
[2022.11.09-20.47.37:880][  0]LogSlate: Took 0.000182 seconds to synchronously load lazily loaded font '../../../Engine/Content/Slate/Fonts/Roboto-Regular.ttf' (155K)
[2022.11.09-20.47.40:712][  0]LogSlate: Window 'Low drive space warning' being destroyed
[2022.11.09-20.47.40:713][  0]LogWindowsTextInputMethodSystem: Display: IME system deactivated.
[2022.11.09-20.47.40:727][  0]Message dialog closed, result: Ok, title: Low drive space warning, text: The following drive locations have limited free space.
It is recommended that you free some space to avoid issues such as crashed and data loss due to files not being able to be written and saved.

  0 MB Free 		 C:/Program Files/Epic Games/UE_4.27/Engine/Binaries/Win64/
 				 The base engine directory. 

  0 MB Free 		 C:/Users/leong/OneDrive/Documents/GitHub/UnrealEngine4/Lightbulb/
 				 The project directory. 

  0 MB Free 		 C:/Users/leong/OneDrive/Documents/
 				 User directory where user specific settings are stored. 

[2022.11.09-20.47.40:729][  0]LogVSAccessor: Display: Unable to create Visual Studio setup instance: 80040154
[2022.11.09-20.47.40:730][  0]LogVSAccessor: Display: Unable to create Visual Studio setup instance: 80040154
[2022.11.09-20.47.40:732][  0]LogVSAccessor: Display: Unable to create Visual Studio setup instance: 80040154
[2022.11.09-20.47.40:848][  0]LogCook: Display: CookSettings for Memory: MemoryMaxUsedVirtual 0MiB, MemoryMaxUsedPhysical 16384MiB, MemoryMinFreeVirtual 0MiB, MemoryMinFreePhysical 1024MiB
[2022.11.09-20.47.40:848][  0]LogCook: Display: Mobile HDR setting 1
[2022.11.09-20.47.41:068][  0]LogFileCache: Scanning file cache for directory 'C:/Users/leong/OneDrive/Documents/GitHub/UnrealEngine4/Lightbulb/Content/' took 0.01s
[2022.11.09-20.47.41:068][  0]LogJson: Warning: Field lkgName was not found.
[2022.11.09-20.47.41:068][  0]LogJson: Error: Json Value of type 'Null' used as a 'String'.
[2022.11.09-20.47.41:460][  0]LogInit: Display: Engine is initialized. Leaving FEngineLoop::Init()
[2022.11.09-20.47.41:463][  0]SourceControl: Source control is disabled
[2022.11.09-20.47.41:463][  0]LogUnrealEdMisc: Loading editor; pre map load, took 11.922
[2022.11.09-20.47.41:464][  0]Cmd: MAP LOAD FILE="../../../../../../Users/leong/OneDrive/Documents/GitHub/UnrealEngine4/Lightbulb/Content/Maps/BulbRoom.umap" TEMPLATE=0 SHOWPROGRESS=1 FEATURELEVEL=3
[2022.11.09-20.47.41:466][  0]LightingResults: New page: Lighting Build
[2022.11.09-20.47.41:468][  0]LogWorld: UWorld::CleanupWorld for Untitled, bSessionEnded=true, bCleanupResources=true
[2022.11.09-20.47.41:468][  0]LogSlate: InvalidateAllWidgets triggered.  All widgets were invalidated
[2022.11.09-20.47.41:468][  0]MapCheck: New page: Map Check
[2022.11.09-20.47.41:468][  0]LightingResults: New page: Lighting Build
[2022.11.09-20.47.41:474][  0]LogAudio: Display: Audio Device unregistered from world 'None'.
[2022.11.09-20.47.41:477][  0]LogUObjectHash: Compacting FUObjectHashTables data took   0.89ms
[2022.11.09-20.47.41:510][  0]LogLinker: Warning: Asset '../../../../../../Users/leong/OneDrive/Documents/GitHub/UnrealEngine4/Lightbulb/Content/MSPresets/MSTextures/Metalness.uasset' has been saved with empty engine version. The asset will be loaded but may be incompatible.
[2022.11.09-20.47.41:626][  0]LogAudio: Display: Audio Device (ID: 1) registered with world 'BulbRoom'.
[2022.11.09-20.47.41:627][  0]LogAIModule: Creating AISystem for world BulbRoom
[2022.11.09-20.47.41:632][  0]LogEditorServer: Finished looking for orphan Actors (0.000 secs)
[2022.11.09-20.47.41:639][  0]LogUObjectHash: Compacting FUObjectHashTables data took   0.85ms
[2022.11.09-20.47.41:639][  0]Cmd: MAP CHECKDEP NOCLEARLOG
[2022.11.09-20.47.41:639][  0]MapCheck: Map check complete: 0 Error(s), 0 Warning(s), took 0.167ms to complete.
[2022.11.09-20.47.41:639][  0]LogFileHelpers: Loading map 'BulbRoom' took 0.176
[2022.11.09-20.47.41:642][  0]LogUnrealEdMisc: Total Editor Startup Time, took 12.100
[2022.11.09-20.47.41:722][  0]LogWindowsTextInputMethodSystem: Display: IME system deactivated.
[2022.11.09-20.47.41:765][  0]LogSlate: Updating window title bar state: overlay mode, drag disabled, window buttons hidden, title bar hidden
[2022.11.09-20.47.41:773][  0]LogSlate: Updating window title bar state: overlay mode, drag disabled, window buttons hidden, title bar hidden
[2022.11.09-20.47.41:780][  0]LogSlate: Updating window title bar state: overlay mode, drag disabled, window buttons hidden, title bar hidden
[2022.11.09-20.47.41:788][  0]LogSlate: Updating window title bar state: overlay mode, drag disabled, window buttons hidden, title bar hidden
[2022.11.09-20.47.41:805][  0]LogNativeClassHierarchy: Verbose: Native class hierarchy populated in 0.0119 seconds. Added 3828 classes and 933 folders.
[2022.11.09-20.47.41:810][  0]LogNativeClassHierarchy: Verbose: Native class hierarchy updated for 'WidgetCarousel' in 0.0003 seconds. Added 0 classes and 0 folders.
[2022.11.09-20.47.41:812][  0]LogPakFile: PakFile PrimaryIndexSize=187
[2022.11.09-20.47.41:812][  0]LogPakFile: PakFile PathHashIndexSize=101
[2022.11.09-20.47.41:812][  0]LogPakFile: PakFile FullDirectoryIndexSize=148
[2022.11.09-20.47.41:812][  0]LogShaderLibrary: Display: ShaderCodeLibraryPakFileMountedCallback: PakFile 'C:/Program Files/Epic Games/UE_4.27/FeaturePacks/FP_FirstPerson.upack' (chunk index -1, root 'root:/') mounted
[2022.11.09-20.47.41:812][  0]LogShaderLibrary: Display: ShaderCodeLibraryPakFileMountedCallback: pending pak file info (ChunkID:-1 Root:root:/ File:C:/Program Files/Epic Games/UE_4.27/FeaturePacks/FP_FirstPerson.upack)
[2022.11.09-20.47.41:812][  0]LogPakFile: OnPakFileMounted2Time == 0.000065
[2022.11.09-20.47.41:814][  0]LogPakFile: PakFile PrimaryIndexSize=189
[2022.11.09-20.47.41:814][  0]LogPakFile: PakFile PathHashIndexSize=101
[2022.11.09-20.47.41:814][  0]LogPakFile: PakFile FullDirectoryIndexSize=152
[2022.11.09-20.47.41:814][  0]LogShaderLibrary: Display: ShaderCodeLibraryPakFileMountedCallback: PakFile 'C:/Program Files/Epic Games/UE_4.27/FeaturePacks/FP_FirstPersonBP.upack' (chunk index -1, root 'root:/') mounted
[2022.11.09-20.47.41:814][  0]LogShaderLibrary: Display: ShaderCodeLibraryPakFileMountedCallback: pending pak file info (ChunkID:-1 Root:root:/ File:C:/Program Files/Epic Games/UE_4.27/FeaturePacks/FP_FirstPersonBP.upack)
[2022.11.09-20.47.41:814][  0]LogPakFile: OnPakFileMounted2Time == 0.000049
[2022.11.09-20.47.41:816][  0]LogPakFile: PakFile PrimaryIndexSize=191
[2022.11.09-20.47.41:816][  0]LogPakFile: PakFile PathHashIndexSize=101
[2022.11.09-20.47.41:816][  0]LogPakFile: PakFile FullDirectoryIndexSize=160
[2022.11.09-20.47.41:816][  0]LogShaderLibrary: Display: ShaderCodeLibraryPakFileMountedCallback: PakFile 'C:/Program Files/Epic Games/UE_4.27/FeaturePacks/MobileStarterContent.upack' (chunk index -1, root 'root:/') mounted
[2022.11.09-20.47.41:816][  0]LogShaderLibrary: Display: ShaderCodeLibraryPakFileMountedCallback: pending pak file info (ChunkID:-1 Root:root:/ File:C:/Program Files/Epic Games/UE_4.27/FeaturePacks/MobileStarterContent.upack)
[2022.11.09-20.47.41:816][  0]LogPakFile: OnPakFileMounted2Time == 0.000042
[2022.11.09-20.47.41:818][  0]LogPakFile: PakFile PrimaryIndexSize=185
[2022.11.09-20.47.41:818][  0]LogPakFile: PakFile PathHashIndexSize=101
[2022.11.09-20.47.41:818][  0]LogPakFile: PakFile FullDirectoryIndexSize=148
[2022.11.09-20.47.41:818][  0]LogShaderLibrary: Display: ShaderCodeLibraryPakFileMountedCallback: PakFile 'C:/Program Files/Epic Games/UE_4.27/FeaturePacks/StarterContent.upack' (chunk index -1, root 'root:/') mounted
[2022.11.09-20.47.41:818][  0]LogShaderLibrary: Display: ShaderCodeLibraryPakFileMountedCallback: pending pak file info (ChunkID:-1 Root:root:/ File:C:/Program Files/Epic Games/UE_4.27/FeaturePacks/StarterContent.upack)
[2022.11.09-20.47.41:818][  0]LogPakFile: OnPakFileMounted2Time == 0.000044
[2022.11.09-20.47.41:820][  0]LogPakFile: PakFile PrimaryIndexSize=190
[2022.11.09-20.47.41:820][  0]LogPakFile: PakFile PathHashIndexSize=101
[2022.11.09-20.47.41:820][  0]LogPakFile: PakFile FullDirectoryIndexSize=154
[2022.11.09-20.47.41:820][  0]LogShaderLibrary: Display: ShaderCodeLibraryPakFileMountedCallback: PakFile 'C:/Program Files/Epic Games/UE_4.27/FeaturePacks/TP_2DSideScroller.upack' (chunk index -1, root 'root:/') mounted
[2022.11.09-20.47.41:820][  0]LogShaderLibrary: Display: ShaderCodeLibraryPakFileMountedCallback: pending pak file info (ChunkID:-1 Root:root:/ File:C:/Program Files/Epic Games/UE_4.27/FeaturePacks/TP_2DSideScroller.upack)
[2022.11.09-20.47.41:820][  0]LogPakFile: OnPakFileMounted2Time == 0.000044
[2022.11.09-20.47.41:822][  0]LogPakFile: PakFile PrimaryIndexSize=192
[2022.11.09-20.47.41:822][  0]LogPakFile: PakFile PathHashIndexSize=101
[2022.11.09-20.47.41:822][  0]LogPakFile: PakFile FullDirectoryIndexSize=158
[2022.11.09-20.47.41:822][  0]LogShaderLibrary: Display: ShaderCodeLibraryPakFileMountedCallback: PakFile 'C:/Program Files/Epic Games/UE_4.27/FeaturePacks/TP_2DSideScrollerBP.upack' (chunk index -1, root 'root:/') mounted
[2022.11.09-20.47.41:822][  0]LogShaderLibrary: Display: ShaderCodeLibraryPakFileMountedCallback: pending pak file info (ChunkID:-1 Root:root:/ File:C:/Program Files/Epic Games/UE_4.27/FeaturePacks/TP_2DSideScrollerBP.upack)
[2022.11.09-20.47.41:822][  0]LogPakFile: OnPakFileMounted2Time == 0.000046
[2022.11.09-20.47.41:824][  0]LogPakFile: PakFile PrimaryIndexSize=182
[2022.11.09-20.47.41:824][  0]LogPakFile: PakFile PathHashIndexSize=101
[2022.11.09-20.47.41:824][  0]LogPakFile: PakFile FullDirectoryIndexSize=138
[2022.11.09-20.47.41:824][  0]LogShaderLibrary: Display: ShaderCodeLibraryPakFileMountedCallback: PakFile 'C:/Program Files/Epic Games/UE_4.27/FeaturePacks/TP_Flying.upack' (chunk index -1, root 'root:/') mounted
[2022.11.09-20.47.41:824][  0]LogShaderLibrary: Display: ShaderCodeLibraryPakFileMountedCallback: pending pak file info (ChunkID:-1 Root:root:/ File:C:/Program Files/Epic Games/UE_4.27/FeaturePacks/TP_Flying.upack)
[2022.11.09-20.47.41:824][  0]LogPakFile: OnPakFileMounted2Time == 0.000043
[2022.11.09-20.47.41:826][  0]LogPakFile: PakFile PrimaryIndexSize=184
[2022.11.09-20.47.41:826][  0]LogPakFile: PakFile PathHashIndexSize=101
[2022.11.09-20.47.41:826][  0]LogPakFile: PakFile FullDirectoryIndexSize=142
[2022.11.09-20.47.41:826][  0]LogShaderLibrary: Display: ShaderCodeLibraryPakFileMountedCallback: PakFile 'C:/Program Files/Epic Games/UE_4.27/FeaturePacks/TP_FlyingBP.upack' (chunk index -1, root 'root:/') mounted
[2022.11.09-20.47.41:826][  0]LogShaderLibrary: Display: ShaderCodeLibraryPakFileMountedCallback: pending pak file info (ChunkID:-1 Root:root:/ File:C:/Program Files/Epic Games/UE_4.27/FeaturePacks/TP_FlyingBP.upack)
[2022.11.09-20.47.41:826][  0]LogPakFile: OnPakFileMounted2Time == 0.000057
[2022.11.09-20.47.41:827][  0]LogPakFile: PakFile PrimaryIndexSize=188
[2022.11.09-20.47.41:827][  0]LogPakFile: PakFile PathHashIndexSize=101
[2022.11.09-20.47.41:827][  0]LogPakFile: PakFile FullDirectoryIndexSize=150
[2022.11.09-20.47.41:827][  0]LogShaderLibrary: Display: ShaderCodeLibraryPakFileMountedCallback: PakFile 'C:/Program Files/Epic Games/UE_4.27/FeaturePacks/TP_HandheldARBP.upack' (chunk index -1, root 'root:/') mounted
[2022.11.09-20.47.41:827][  0]LogShaderLibrary: Display: ShaderCodeLibraryPakFileMountedCallback: pending pak file info (ChunkID:-1 Root:root:/ File:C:/Program Files/Epic Games/UE_4.27/FeaturePacks/TP_HandheldARBP.upack)
[2022.11.09-20.47.41:827][  0]LogPakFile: OnPakFileMounted2Time == 0.000040
[2022.11.09-20.47.41:830][  0]LogPakFile: PakFile PrimaryIndexSize=182
[2022.11.09-20.47.41:830][  0]LogPakFile: PakFile PathHashIndexSize=101
[2022.11.09-20.47.41:830][  0]LogPakFile: PakFile FullDirectoryIndexSize=138
[2022.11.09-20.47.41:830][  0]LogShaderLibrary: Display: ShaderCodeLibraryPakFileMountedCallback: PakFile 'C:/Program Files/Epic Games/UE_4.27/FeaturePacks/TP_Puzzle.upack' (chunk index -1, root 'root:/') mounted
[2022.11.09-20.47.41:830][  0]LogShaderLibrary: Display: ShaderCodeLibraryPakFileMountedCallback: pending pak file info (ChunkID:-1 Root:root:/ File:C:/Program Files/Epic Games/UE_4.27/FeaturePacks/TP_Puzzle.upack)
[2022.11.09-20.47.41:830][  0]LogPakFile: OnPakFileMounted2Time == 0.000053
[2022.11.09-20.47.41:831][  0]LogPakFile: PakFile PrimaryIndexSize=184
[2022.11.09-20.47.41:832][  0]LogPakFile: PakFile PathHashIndexSize=101
[2022.11.09-20.47.41:832][  0]LogPakFile: PakFile FullDirectoryIndexSize=142
[2022.11.09-20.47.41:832][  0]LogShaderLibrary: Display: ShaderCodeLibraryPakFileMountedCallback: PakFile 'C:/Program Files/Epic Games/UE_4.27/FeaturePacks/TP_PuzzleBP.upack' (chunk index -1, root 'root:/') mounted
[2022.11.09-20.47.41:832][  0]LogShaderLibrary: Display: ShaderCodeLibraryPakFileMountedCallback: pending pak file info (ChunkID:-1 Root:root:/ File:C:/Program Files/Epic Games/UE_4.27/FeaturePacks/TP_PuzzleBP.upack)
[2022.11.09-20.47.41:832][  0]LogPakFile: OnPakFileMounted2Time == 0.000050
[2022.11.09-20.47.41:833][  0]LogPakFile: PakFile PrimaryIndexSize=183
[2022.11.09-20.47.41:833][  0]LogPakFile: PakFile PathHashIndexSize=101
[2022.11.09-20.47.41:833][  0]LogPakFile: PakFile FullDirectoryIndexSize=140
[2022.11.09-20.47.41:833][  0]LogShaderLibrary: Display: ShaderCodeLibraryPakFileMountedCallback: PakFile 'C:/Program Files/Epic Games/UE_4.27/FeaturePacks/TP_Rolling.upack' (chunk index -1, root 'root:/') mounted
[2022.11.09-20.47.41:833][  0]LogShaderLibrary: Display: ShaderCodeLibraryPakFileMountedCallback: pending pak file info (ChunkID:-1 Root:root:/ File:C:/Program Files/Epic Games/UE_4.27/FeaturePacks/TP_Rolling.upack)
[2022.11.09-20.47.41:833][  0]LogPakFile: OnPakFileMounted2Time == 0.000042
[2022.11.09-20.47.41:835][  0]LogPakFile: PakFile PrimaryIndexSize=185
[2022.11.09-20.47.41:835][  0]LogPakFile: PakFile PathHashIndexSize=101
[2022.11.09-20.47.41:835][  0]LogPakFile: PakFile FullDirectoryIndexSize=144
[2022.11.09-20.47.41:835][  0]LogShaderLibrary: Display: ShaderCodeLibraryPakFileMountedCallback: PakFile 'C:/Program Files/Epic Games/UE_4.27/FeaturePacks/TP_RollingBP.upack' (chunk index -1, root 'root:/') mounted
[2022.11.09-20.47.41:835][  0]LogShaderLibrary: Display: ShaderCodeLibraryPakFileMountedCallback: pending pak file info (ChunkID:-1 Root:root:/ File:C:/Program Files/Epic Games/UE_4.27/FeaturePacks/TP_RollingBP.upack)
[2022.11.09-20.47.41:835][  0]LogPakFile: OnPakFileMounted2Time == 0.000045
[2022.11.09-20.47.41:837][  0]LogPakFile: PakFile PrimaryIndexSize=188
[2022.11.09-20.47.41:837][  0]LogPakFile: PakFile PathHashIndexSize=101
[2022.11.09-20.47.41:837][  0]LogPakFile: PakFile FullDirectoryIndexSize=150
[2022.11.09-20.47.41:837][  0]LogShaderLibrary: Display: ShaderCodeLibraryPakFileMountedCallback: PakFile 'C:/Program Files/Epic Games/UE_4.27/FeaturePacks/TP_SideScroller.upack' (chunk index -1, root 'root:/') mounted
[2022.11.09-20.47.41:837][  0]LogShaderLibrary: Display: ShaderCodeLibraryPakFileMountedCallback: pending pak file info (ChunkID:-1 Root:root:/ File:C:/Program Files/Epic Games/UE_4.27/FeaturePacks/TP_SideScroller.upack)
[2022.11.09-20.47.41:837][  0]LogPakFile: OnPakFileMounted2Time == 0.000043
[2022.11.09-20.47.41:839][  0]LogPakFile: PakFile PrimaryIndexSize=190
[2022.11.09-20.47.41:839][  0]LogPakFile: PakFile PathHashIndexSize=101
[2022.11.09-20.47.41:839][  0]LogPakFile: PakFile FullDirectoryIndexSize=154
[2022.11.09-20.47.41:839][  0]LogShaderLibrary: Display: ShaderCodeLibraryPakFileMountedCallback: PakFile 'C:/Program Files/Epic Games/UE_4.27/FeaturePacks/TP_SideScrollerBP.upack' (chunk index -1, root 'root:/') mounted
[2022.11.09-20.47.41:839][  0]LogShaderLibrary: Display: ShaderCodeLibraryPakFileMountedCallback: pending pak file info (ChunkID:-1 Root:root:/ File:C:/Program Files/Epic Games/UE_4.27/FeaturePacks/TP_SideScrollerBP.upack)
[2022.11.09-20.47.41:839][  0]LogPakFile: OnPakFileMounted2Time == 0.000042
[2022.11.09-20.47.41:840][  0]LogPakFile: PakFile PrimaryIndexSize=187
[2022.11.09-20.47.41:840][  0]LogPakFile: PakFile PathHashIndexSize=101
[2022.11.09-20.47.41:840][  0]LogPakFile: PakFile FullDirectoryIndexSize=148
[2022.11.09-20.47.41:840][  0]LogShaderLibrary: Display: ShaderCodeLibraryPakFileMountedCallback: PakFile 'C:/Program Files/Epic Games/UE_4.27/FeaturePacks/TP_ThirdPerson.upack' (chunk index -1, root 'root:/') mounted
[2022.11.09-20.47.41:840][  0]LogShaderLibrary: Display: ShaderCodeLibraryPakFileMountedCallback: pending pak file info (ChunkID:-1 Root:root:/ File:C:/Program Files/Epic Games/UE_4.27/FeaturePacks/TP_ThirdPerson.upack)
[2022.11.09-20.47.41:840][  0]LogPakFile: OnPakFileMounted2Time == 0.000041
[2022.11.09-20.47.41:842][  0]LogPakFile: PakFile PrimaryIndexSize=189
[2022.11.09-20.47.41:842][  0]LogPakFile: PakFile PathHashIndexSize=101
[2022.11.09-20.47.41:842][  0]LogPakFile: PakFile FullDirectoryIndexSize=152
[2022.11.09-20.47.41:842][  0]LogShaderLibrary: Display: ShaderCodeLibraryPakFileMountedCallback: PakFile 'C:/Program Files/Epic Games/UE_4.27/FeaturePacks/TP_ThirdPersonBP.upack' (chunk index -1, root 'root:/') mounted
[2022.11.09-20.47.41:842][  0]LogShaderLibrary: Display: ShaderCodeLibraryPakFileMountedCallback: pending pak file info (ChunkID:-1 Root:root:/ File:C:/Program Files/Epic Games/UE_4.27/FeaturePacks/TP_ThirdPersonBP.upack)
[2022.11.09-20.47.41:842][  0]LogPakFile: OnPakFileMounted2Time == 0.000040
[2022.11.09-20.47.41:843][  0]LogPakFile: PakFile PrimaryIndexSize=183
[2022.11.09-20.47.41:843][  0]LogPakFile: PakFile PathHashIndexSize=101
[2022.11.09-20.47.41:843][  0]LogPakFile: PakFile FullDirectoryIndexSize=140
[2022.11.09-20.47.41:843][  0]LogShaderLibrary: Display: ShaderCodeLibraryPakFileMountedCallback: PakFile 'C:/Program Files/Epic Games/UE_4.27/FeaturePacks/TP_TopDown.upack' (chunk index -1, root 'root:/') mounted
[2022.11.09-20.47.41:843][  0]LogShaderLibrary: Display: ShaderCodeLibraryPakFileMountedCallback: pending pak file info (ChunkID:-1 Root:root:/ File:C:/Program Files/Epic Games/UE_4.27/FeaturePacks/TP_TopDown.upack)
[2022.11.09-20.47.41:843][  0]LogPakFile: OnPakFileMounted2Time == 0.000052
[2022.11.09-20.47.41:845][  0]LogPakFile: PakFile PrimaryIndexSize=185
[2022.11.09-20.47.41:845][  0]LogPakFile: PakFile PathHashIndexSize=101
[2022.11.09-20.47.41:845][  0]LogPakFile: PakFile FullDirectoryIndexSize=144
[2022.11.09-20.47.41:845][  0]LogShaderLibrary: Display: ShaderCodeLibraryPakFileMountedCallback: PakFile 'C:/Program Files/Epic Games/UE_4.27/FeaturePacks/TP_TopDownBP.upack' (chunk index -1, root 'root:/') mounted
[2022.11.09-20.47.41:845][  0]LogShaderLibrary: Display: ShaderCodeLibraryPakFileMountedCallback: pending pak file info (ChunkID:-1 Root:root:/ File:C:/Program Files/Epic Games/UE_4.27/FeaturePacks/TP_TopDownBP.upack)
[2022.11.09-20.47.41:845][  0]LogPakFile: OnPakFileMounted2Time == 0.000067
[2022.11.09-20.47.41:846][  0]LogPakFile: PakFile PrimaryIndexSize=185
[2022.11.09-20.47.41:846][  0]LogPakFile: PakFile PathHashIndexSize=101
[2022.11.09-20.47.41:846][  0]LogPakFile: PakFile FullDirectoryIndexSize=144
[2022.11.09-20.47.41:846][  0]LogShaderLibrary: Display: ShaderCodeLibraryPakFileMountedCallback: PakFile 'C:/Program Files/Epic Games/UE_4.27/FeaturePacks/TP_TwinStick.upack' (chunk index -1, root 'root:/') mounted
[2022.11.09-20.47.41:846][  0]LogShaderLibrary: Display: ShaderCodeLibraryPakFileMountedCallback: pending pak file info (ChunkID:-1 Root:root:/ File:C:/Program Files/Epic Games/UE_4.27/FeaturePacks/TP_TwinStick.upack)
[2022.11.09-20.47.41:846][  0]LogPakFile: OnPakFileMounted2Time == 0.000042
[2022.11.09-20.47.41:848][  0]LogPakFile: PakFile PrimaryIndexSize=187
[2022.11.09-20.47.41:848][  0]LogPakFile: PakFile PathHashIndexSize=101
[2022.11.09-20.47.41:848][  0]LogPakFile: PakFile FullDirectoryIndexSize=148
[2022.11.09-20.47.41:848][  0]LogShaderLibrary: Display: ShaderCodeLibraryPakFileMountedCallback: PakFile 'C:/Program Files/Epic Games/UE_4.27/FeaturePacks/TP_TwinStickBP.upack' (chunk index -1, root 'root:/') mounted
[2022.11.09-20.47.41:848][  0]LogShaderLibrary: Display: ShaderCodeLibraryPakFileMountedCallback: pending pak file info (ChunkID:-1 Root:root:/ File:C:/Program Files/Epic Games/UE_4.27/FeaturePacks/TP_TwinStickBP.upack)
[2022.11.09-20.47.41:848][  0]LogPakFile: OnPakFileMounted2Time == 0.000042
[2022.11.09-20.47.41:849][  0]LogPakFile: PakFile PrimaryIndexSize=183
[2022.11.09-20.47.41:849][  0]LogPakFile: PakFile PathHashIndexSize=101
[2022.11.09-20.47.41:849][  0]LogPakFile: PakFile FullDirectoryIndexSize=140
[2022.11.09-20.47.41:850][  0]LogShaderLibrary: Display: ShaderCodeLibraryPakFileMountedCallback: PakFile 'C:/Program Files/Epic Games/UE_4.27/FeaturePacks/TP_Vehicle.upack' (chunk index -1, root 'root:/') mounted
[2022.11.09-20.47.41:850][  0]LogShaderLibrary: Display: ShaderCodeLibraryPakFileMountedCallback: pending pak file info (ChunkID:-1 Root:root:/ File:C:/Program Files/Epic Games/UE_4.27/FeaturePacks/TP_Vehicle.upack)
[2022.11.09-20.47.41:850][  0]LogPakFile: OnPakFileMounted2Time == 0.000055
[2022.11.09-20.47.41:851][  0]LogPakFile: PakFile PrimaryIndexSize=186
[2022.11.09-20.47.41:851][  0]LogPakFile: PakFile PathHashIndexSize=101
[2022.11.09-20.47.41:851][  0]LogPakFile: PakFile FullDirectoryIndexSize=146
[2022.11.09-20.47.41:851][  0]LogShaderLibrary: Display: ShaderCodeLibraryPakFileMountedCallback: PakFile 'C:/Program Files/Epic Games/UE_4.27/FeaturePacks/TP_VehicleAdv.upack' (chunk index -1, root 'root:/') mounted
[2022.11.09-20.47.41:851][  0]LogShaderLibrary: Display: ShaderCodeLibraryPakFileMountedCallback: pending pak file info (ChunkID:-1 Root:root:/ File:C:/Program Files/Epic Games/UE_4.27/FeaturePacks/TP_VehicleAdv.upack)
[2022.11.09-20.47.41:851][  0]LogPakFile: OnPakFileMounted2Time == 0.000043
[2022.11.09-20.47.41:853][  0]LogPakFile: PakFile PrimaryIndexSize=188
[2022.11.09-20.47.41:853][  0]LogPakFile: PakFile PathHashIndexSize=101
[2022.11.09-20.47.41:853][  0]LogPakFile: PakFile FullDirectoryIndexSize=150
[2022.11.09-20.47.41:853][  0]LogShaderLibrary: Display: ShaderCodeLibraryPakFileMountedCallback: PakFile 'C:/Program Files/Epic Games/UE_4.27/FeaturePacks/TP_VehicleAdvBP.upack' (chunk index -1, root 'root:/') mounted
[2022.11.09-20.47.41:853][  0]LogShaderLibrary: Display: ShaderCodeLibraryPakFileMountedCallback: pending pak file info (ChunkID:-1 Root:root:/ File:C:/Program Files/Epic Games/UE_4.27/FeaturePacks/TP_VehicleAdvBP.upack)
[2022.11.09-20.47.41:853][  0]LogPakFile: OnPakFileMounted2Time == 0.000041
[2022.11.09-20.47.41:855][  0]LogPakFile: PakFile PrimaryIndexSize=185
[2022.11.09-20.47.41:855][  0]LogPakFile: PakFile PathHashIndexSize=101
[2022.11.09-20.47.41:855][  0]LogPakFile: PakFile FullDirectoryIndexSize=144
[2022.11.09-20.47.41:855][  0]LogShaderLibrary: Display: ShaderCodeLibraryPakFileMountedCallback: PakFile 'C:/Program Files/Epic Games/UE_4.27/FeaturePacks/TP_VehicleBP.upack' (chunk index -1, root 'root:/') mounted
[2022.11.09-20.47.41:855][  0]LogShaderLibrary: Display: ShaderCodeLibraryPakFileMountedCallback: pending pak file info (ChunkID:-1 Root:root:/ File:C:/Program Files/Epic Games/UE_4.27/FeaturePacks/TP_VehicleBP.upack)
[2022.11.09-20.47.41:855][  0]LogPakFile: OnPakFileMounted2Time == 0.000045
[2022.11.09-20.47.41:856][  0]LogPakFile: PakFile PrimaryIndexSize=192
[2022.11.09-20.47.41:856][  0]LogPakFile: PakFile PathHashIndexSize=101
[2022.11.09-20.47.41:856][  0]LogPakFile: PakFile FullDirectoryIndexSize=158
[2022.11.09-20.47.41:856][  0]LogShaderLibrary: Display: ShaderCodeLibraryPakFileMountedCallback: PakFile 'C:/Program Files/Epic Games/UE_4.27/FeaturePacks/TP_VirtualRealityBP.upack' (chunk index -1, root 'root:/') mounted
[2022.11.09-20.47.41:856][  0]LogShaderLibrary: Display: ShaderCodeLibraryPakFileMountedCallback: pending pak file info (ChunkID:-1 Root:root:/ File:C:/Program Files/Epic Games/UE_4.27/FeaturePacks/TP_VirtualRealityBP.upack)
[2022.11.09-20.47.41:856][  0]LogPakFile: OnPakFileMounted2Time == 0.000041
[2022.11.09-20.47.41:984][  0]LogNativeClassHierarchy: Verbose: Native class hierarchy updated for 'AddContentDialog' in 0.0004 seconds. Added 0 classes and 0 folders.
[2022.11.09-20.47.41:986][  0]LogNativeClassHierarchy: Verbose: Native class hierarchy updated for 'SceneOutliner' in 0.0002 seconds. Added 2 classes and 0 folders.
[2022.11.09-20.47.42:040][  0]LogSlate: Took 0.000602 seconds to synchronously load lazily loaded font '../../../Engine/Content/Editor/Slate/Fonts/FontAwesome.ttf' (139K)
[2022.11.09-20.47.42:041][  0]LogSlate: Took 0.000173 seconds to synchronously load lazily loaded font '../../../Engine/Content/Slate/Fonts/Roboto-Bold.ttf' (160K)
[2022.11.09-20.47.42:111][  0]LogRenderer: Reallocating scene render targets to support 1208x568 Format 10 NumSamples 1 (Frame:1).
[2022.11.09-20.47.42:150][  0]LogSlate: Took 0.000733 seconds to synchronously load lazily loaded font '../../../Engine/Content/Slate/Fonts/Roboto-Light.ttf' (167K)
[2022.11.09-20.47.42:199][  0]LogNativeClassHierarchy: Verbose: Native class hierarchy updated for 'HierarchicalLODOutliner' in 0.0003 seconds. Added 0 classes and 0 folders.
[2022.11.09-20.47.42:199][  0]LogLoad: (Engine Initialization) Total time: 12.66 seconds
[2022.11.09-20.47.42:199][  0]LogLoad: (Engine Initialization) Total Blueprint compile time: 0.00 seconds
[2022.11.09-20.47.42:338][  0]LogAssetRegistry: Asset discovery search completed in 8.7061 seconds
[2022.11.09-20.47.42:345][  0]LogCollectionManager: Fixed up redirectors for 0 collections in 0.000006 seconds (updated 0 objects)
[2022.11.09-20.47.42:346][  0]LogContentStreaming: Texture pool size now 1000 MB
[2022.11.09-20.47.42:359][  1]Cmd: r.vsync 1
[2022.11.09-20.47.42:359][  1]r.VSync = "1"
[2022.11.09-20.47.43:220][ 94]LogSlate: Took 0.000351 seconds to synchronously load lazily loaded font '../../../Engine/Content/Slate/Fonts/Roboto-Light.ttf' (167K)
[2022.11.09-20.47.44:770][245]LogSlate: Window 'Sequencer' being destroyed
[2022.11.09-20.47.44:777][245]LogSlate: Window 'Sequencer' being destroyed
